folioreader/build/outputs/logs/manifest-merger-debug-report.txt
-- Merging decision tree log ---
manifest
ADDED from LABU/folioreader/AndroidManifest.xml:2:1-55:12
INJECTED from LABU/folioreader/AndroidManifest.xml:2:1-55:12
INJECTED from LABU/folioreader/AndroidManifest.xml:2:1-55:12
INJECTED from LABU/folioreader/AndroidManifest.xml:2:1-55:12
INJECTED from LABU/folioreader/AndroidManifest.xml:2:1-55:12
INJECTED from LABU/folioreader/AndroidManifest.xml:2:1-55:12
INJECTED from LABU/folioreader/AndroidManifest.xml:2:1-55:12
	package
		ADDED from LABU/folioreader/AndroidManifest.xml:4:5-30
		INJECTED from LABU/folioreader/AndroidManifest.xml
		INJECTED from LABU/folioreader/AndroidManifest.xml
	android:versionName
		INJECTED from LABU/folioreader/AndroidManifest.xml
		ADDED from LABU/folioreader/AndroidManifest.xml:2:1-55:12
		INJECTED from LABU/folioreader/AndroidManifest.xml
	xmlns:tools
		ADDED from LABU/folioreader/AndroidManifest.xml:3:5-51
	android:versionCode
		INJECTED from LABU/folioreader/AndroidManifest.xml
		ADDED from LABU/folioreader/AndroidManifest.xml:2:1-55:12
		INJECTED from LABU/folioreader/AndroidManifest.xml
	xmlns:android
		ADDED from LABU/folioreader/AndroidManifest.xml:2:11-69
uses-sdk
ADDED from LABU/folioreader/AndroidManifest.xml:6:5-88
INJECTED from LABU/folioreader/AndroidManifest.xml:6:5-88
INJECTED from LABU/folioreader/AndroidManifest.xml:6:5-88
INJECTED from LABU/folioreader/AndroidManifest.xml:6:5-88
INJECTED from LABU/folioreader/AndroidManifest.xml:6:5-88
	tools:overrideLibrary
		ADDED from LABU/folioreader/AndroidManifest.xml:6:15-85
	android:targetSdkVersion
		INJECTED from LABU/folioreader/AndroidManifest.xml
		ADDED from LABU/folioreader/AndroidManifest.xml:6:5-88
		INJECTED from LABU/folioreader/AndroidManifest.xml
	android:minSdkVersion
		INJECTED from LABU/folioreader/AndroidManifest.xml
		ADDED from LABU/folioreader/AndroidManifest.xml:6:5-88
		INJECTED from LABU/folioreader/AndroidManifest.xml
uses-permission#android.permission.WRITE_EXTERNAL_STORAGE
ADDED from LABU/folioreader/AndroidManifest.xml:8:5-81
	android:name
		ADDED from LABU/folioreader/AndroidManifest.xml:8:22-78
uses-permission#android.permission.INTERNET
ADDED from LABU/folioreader/AndroidManifest.xml:9:5-67
	android:name
		ADDED from LABU/folioreader/AndroidManifest.xml:9:22-64
application
ADDED from LABU/folioreader/AndroidManifest.xml:11:5-53:19
	android:allowBackup
		ADDED from LABU/folioreader/AndroidManifest.xml:12:9-35
	android:networkSecurityConfig
		ADDED from LABU/folioreader/AndroidManifest.xml:13:9-69
	tools:replace
		ADDED from LABU/folioreader/AndroidManifest.xml:14:9-44
activity#com.folioreader.ui.activity.folio_fab_activity
ADDED from LABU/folioreader/AndroidManifest.xml:15:9-18:68
	android:label
		ADDED from LABU/folioreader/AndroidManifest.xml:17:13-70
	android:theme
		ADDED from LABU/folioreader/AndroidManifest.xml:18:13-56
	android:name
		ADDED from LABU/folioreader/AndroidManifest.xml:16:13-59
provider#com.folioreader.AppContext
ADDED from LABU/folioreader/AndroidManifest.xml:20:9-23:40
	android:authorities
		ADDED from LABU/folioreader/AndroidManifest.xml:22:13-71
	android:exported
		ADDED from LABU/folioreader/AndroidManifest.xml:23:13-37
	android:name
		ADDED from LABU/folioreader/AndroidManifest.xml:21:13-39
provider#androidx.core.content.FileProvider
ADDED from LABU/folioreader/AndroidManifest.xml:25:9-33:20
	android:grantUriPermissions
		ADDED from LABU/folioreader/AndroidManifest.xml:29:13-47
	android:authorities
		ADDED from LABU/folioreader/AndroidManifest.xml:27:13-60
	android:exported
		ADDED from LABU/folioreader/AndroidManifest.xml:28:13-37
	android:name
		ADDED from LABU/folioreader/AndroidManifest.xml:26:13-62
meta-data#android.support.FILE_PROVIDER_PATHS
ADDED from LABU/folioreader/AndroidManifest.xml:30:13-32:54
	android:resource
		ADDED from LABU/folioreader/AndroidManifest.xml:32:17-51
	android:name
		ADDED from LABU/folioreader/AndroidManifest.xml:31:17-67
activity#com.folioreader.ui.activity.FolioActivity
ADDED from LABU/folioreader/AndroidManifest.xml:34:9-38:15
	android:label
		ADDED from LABU/folioreader/AndroidManifest.xml:36:13-45
	android:theme
		ADDED from LABU/folioreader/AndroidManifest.xml:37:13-57
	android:name
		ADDED from LABU/folioreader/AndroidManifest.xml:35:13-54
activity#com.folioreader.ui.activity.ContentHighlightActivity
ADDED from LABU/folioreader/AndroidManifest.xml:39:9-41:59
	android:theme
		ADDED from LABU/folioreader/AndroidManifest.xml:41:13-56
	android:name
		ADDED from LABU/folioreader/AndroidManifest.xml:40:13-65
activity#com.folioreader.ui.activity.SearchActivity
ADDED from LABU/folioreader/AndroidManifest.xml:42:9-52:20
	android:launchMode
		ADDED from LABU/folioreader/AndroidManifest.xml:44:13-43
	android:name
		ADDED from LABU/folioreader/AndroidManifest.xml:43:13-55
intent-filter#action:name:android.intent.action.SEARCH
ADDED from LABU/folioreader/AndroidManifest.xml:45:13-47:29
action#android.intent.action.SEARCH
ADDED from LABU/folioreader/AndroidManifest.xml:46:17-71
	android:name
		ADDED from LABU/folioreader/AndroidManifest.xml:46:25-68
meta-data#android.app.searchable
ADDED from LABU/folioreader/AndroidManifest.xml:49:13-51:54
	android:resource
		ADDED from LABU/folioreader/AndroidManifest.xml:51:17-51
	android:name
		ADDED from LABU/folioreader/AndroidManifest.xml:50:17-54